# JRE version: Java(TM) SE Runtime Environment (8.0_181-b13) (build 1.8.0_181-b13)
# Java VM: Java HotSpot(TM) 64-Bit Server VM (25.181-b13 mixed mode windows-amd64 compressed oops)
Heap:
 PSYoungGen      total 184832K, used 77745K [0x00000000d5c00000, 0x00000000e5080000, 0x0000000100000000)
  eden space 169472K, 36% used [0x00000000d5c00000,0x00000000d98f3188,0x00000000e0180000)
  from space 15360K, 99% used [0x00000000e0180000,0x00000000e10794d0,0x00000000e1080000)
  to   space 18944K, 0% used [0x00000000e3e00000,0x00000000e3e00000,0x00000000e5080000)
 ParOldGen       total 92672K, used 22627K [0x0000000081400000, 0x0000000086e80000, 0x00000000d5c00000)
  object space 92672K, 24% used [0x0000000081400000,0x0000000082a18ea0,0x0000000086e80000)
 Metaspace       used 51119K, capacity 53468K, committed 53632K, reserved 1095680K
  class space    used 7073K, capacity 7527K, committed 7552K, reserved 1048576K
GC Heap History (10 events):
Event: 6.340 GC heap before
{Heap before GC invocations=7 (full 1):
 PSYoungGen      total 71680K, used 70426K [0x00000000d5c00000, 0x00000000dd900000, 0x0000000100000000)
  eden space 66560K, 100% used [0x00000000d5c00000,0x00000000d9d00000,0x00000000d9d00000)
  from space 5120K, 75% used [0x00000000d9d00000,0x00000000da0c6978,0x00000000da200000)
  to   space 8704K, 0% used [0x00000000dd080000,0x00000000dd080000,0x00000000dd900000)
 ParOldGen       total 55808K, used 7065K [0x0000000081400000, 0x0000000084a80000, 0x00000000d5c00000)
  object space 55808K, 12% used [0x0000000081400000,0x0000000081ae6658,0x0000000084a80000)
 Metaspace       used 26337K, capacity 27432K, committed 27648K, reserved 1073152K
  class space    used 3559K, capacity 3810K, committed 3840K, reserved 1048576K
Event: 6.355 GC heap after
Heap after GC invocations=7 (full 1):
 PSYoungGen      total 116224K, used 8600K [0x00000000d5c00000, 0x00000000dd900000, 0x0000000100000000)
  eden space 107520K, 0% used [0x00000000d5c00000,0x00000000d5c00000,0x00000000dc500000)
  from space 8704K, 98% used [0x00000000dd080000,0x00000000dd8e6358,0x00000000dd900000)
  to   space 9728K, 0% used [0x00000000dc600000,0x00000000dc600000,0x00000000dcf80000)
 ParOldGen       total 55808K, used 7065K [0x0000000081400000, 0x0000000084a80000, 0x00000000d5c00000)
  object space 55808K, 12% used [0x0000000081400000,0x0000000081ae6658,0x0000000084a80000)
 Metaspace       used 26337K, capacity 27432K, committed 27648K, reserved 1073152K
  class space    used 3559K, capacity 3810K, committed 3840K, reserved 1048576K
}
Event: 8.004 GC heap before
{Heap before GC invocations=8 (full 1):
 PSYoungGen      total 116224K, used 116120K [0x00000000d5c00000, 0x00000000dd900000, 0x0000000100000000)
  eden space 107520K, 100% used [0x00000000d5c00000,0x00000000dc500000,0x00000000dc500000)
  from space 8704K, 98% used [0x00000000dd080000,0x00000000dd8e6358,0x00000000dd900000)
  to   space 9728K, 0% used [0x00000000dc600000,0x00000000dc600000,0x00000000dcf80000)
 ParOldGen       total 55808K, used 7065K [0x0000000081400000, 0x0000000084a80000, 0x00000000d5c00000)
  object space 55808K, 12% used [0x0000000081400000,0x0000000081ae6658,0x0000000084a80000)
 Metaspace       used 31190K, capacity 32788K, committed 33024K, reserved 1077248K
  class space    used 4224K, capacity 4540K, committed 4608K, reserved 1048576K
Event: 8.030 GC heap after
Heap after GC invocations=8 (full 1):
 PSYoungGen      total 118272K, used 9722K [0x00000000d5c00000, 0x00000000e1e00000, 0x0000000100000000)
  eden space 108544K, 0% used [0x00000000d5c00000,0x00000000d5c00000,0x00000000dc600000)
  from space 9728K, 99% used [0x00000000dc600000,0x00000000dcf7e9b0,0x00000000dcf80000)
  to   space 13824K, 0% used [0x00000000e1080000,0x00000000e1080000,0x00000000e1e00000)
 ParOldGen       total 55808K, used 12548K [0x0000000081400000, 0x0000000084a80000, 0x00000000d5c00000)
  object space 55808K, 22% used [0x0000000081400000,0x00000000820413f0,0x0000000084a80000)
 Metaspace       used 31190K, capacity 32788K, committed 33024K, reserved 1077248K
  class space    used 4224K, capacity 4540K, committed 4608K, reserved 1048576K
}
Event: 8.621 GC heap before
{Heap before GC invocations=9 (full 1):
 PSYoungGen      total 118272K, used 33883K [0x00000000d5c00000, 0x00000000e1e00000, 0x0000000100000000)
  eden space 108544K, 22% used [0x00000000d5c00000,0x00000000d7398270,0x00000000dc600000)
  from space 9728K, 99% used [0x00000000dc600000,0x00000000dcf7e9b0,0x00000000dcf80000)
  to   space 13824K, 0% used [0x00000000e1080000,0x00000000e1080000,0x00000000e1e00000)
 ParOldGen       total 55808K, used 12548K [0x0000000081400000, 0x0000000084a80000, 0x00000000d5c00000)
  object space 55808K, 22% used [0x0000000081400000,0x00000000820413f0,0x0000000084a80000)
 Metaspace       used 33851K, capacity 35430K, committed 35496K, reserved 1079296K
  class space    used 4490K, capacity 4813K, committed 4864K, reserved 1048576K
Event: 8.640 GC heap after
Heap after GC invocations=9 (full 1):
 PSYoungGen      total 183296K, used 11896K [0x00000000d5c00000, 0x00000000e2500000, 0x0000000100000000)
  eden space 169472K, 0% used [0x00000000d5c00000,0x00000000d5c00000,0x00000000e0180000)
  from space 13824K, 86% used [0x00000000e1080000,0x00000000e1c1e1d0,0x00000000e1e00000)
  to   space 15360K, 0% used [0x00000000e0180000,0x00000000e0180000,0x00000000e1080000)
 ParOldGen       total 55808K, used 12556K [0x0000000081400000, 0x0000000084a80000, 0x00000000d5c00000)
  object space 55808K, 22% used [0x0000000081400000,0x00000000820433f0,0x0000000084a80000)
 Metaspace       used 33851K, capacity 35430K, committed 35496K, reserved 1079296K
  class space    used 4490K, capacity 4813K, committed 4864K, reserved 1048576K
}
Event: 8.640 GC heap before
{Heap before GC invocations=10 (full 2):
 PSYoungGen      total 183296K, used 11896K [0x00000000d5c00000, 0x00000000e2500000, 0x0000000100000000)
  eden space 169472K, 0% used [0x00000000d5c00000,0x00000000d5c00000,0x00000000e0180000)
  from space 13824K, 86% used [0x00000000e1080000,0x00000000e1c1e1d0,0x00000000e1e00000)
  to   space 15360K, 0% used [0x00000000e0180000,0x00000000e0180000,0x00000000e1080000)
 ParOldGen       total 55808K, used 12556K [0x0000000081400000, 0x0000000084a80000, 0x00000000d5c00000)
  object space 55808K, 22% used [0x0000000081400000,0x00000000820433f0,0x0000000084a80000)
 Metaspace       used 33851K, capacity 35430K, committed 35496K, reserved 1079296K
  class space    used 4490K, capacity 4813K, committed 4864K, reserved 1048576K
Event: 8.845 GC heap after
Heap after GC invocations=10 (full 2):
 PSYoungGen      total 183296K, used 0K [0x00000000d5c00000, 0x00000000e2500000, 0x0000000100000000)
  eden space 169472K, 0% used [0x00000000d5c00000,0x00000000d5c00000,0x00000000e0180000)
  from space 13824K, 0% used [0x00000000e1080000,0x00000000e1080000,0x00000000e1e00000)
  to   space 15360K, 0% used [0x00000000e0180000,0x00000000e0180000,0x00000000e1080000)
 ParOldGen       total 92672K, used 18418K [0x0000000081400000, 0x0000000086e80000, 0x00000000d5c00000)
  object space 92672K, 19% used [0x0000000081400000,0x00000000825fc820,0x0000000086e80000)
 Metaspace       used 33851K, capacity 35430K, committed 35496K, reserved 1079296K
  class space    used 4490K, capacity 4813K, committed 4864K, reserved 1048576K
}
Event: 17.325 GC heap before
{Heap before GC invocations=11 (full 2):
 PSYoungGen      total 183296K, used 169472K [0x00000000d5c00000, 0x00000000e2500000, 0x0000000100000000)
  eden space 169472K, 100% used [0x00000000d5c00000,0x00000000e0180000,0x00000000e0180000)
  from space 13824K, 0% used [0x00000000e1080000,0x00000000e1080000,0x00000000e1e00000)
  to   space 15360K, 0% used [0x00000000e0180000,0x00000000e0180000,0x00000000e1080000)
 ParOldGen       total 92672K, used 18418K [0x0000000081400000, 0x0000000086e80000, 0x00000000d5c00000)
  object space 92672K, 19% used [0x0000000081400000,0x00000000825fc820,0x0000000086e80000)
 Metaspace       used 49771K, capacity 52018K, committed 52224K, reserved 1093632K
  class space    used 6909K, capacity 7340K, committed 7424K, reserved 1048576K
Event: 17.353 GC heap after
Heap after GC invocations=11 (full 2):
 PSYoungGen      total 184832K, used 15333K [0x00000000d5c00000, 0x00000000e5080000, 0x0000000100000000)
  eden space 169472K, 0% used [0x00000000d5c00000,0x00000000d5c00000,0x00000000e0180000)
  from space 15360K, 99% used [0x00000000e0180000,0x00000000e10794d0,0x00000000e1080000)
  to   space 18944K, 0% used [0x00000000e3e00000,0x00000000e3e00000,0x00000000e5080000)
 ParOldGen       total 92672K, used 22627K [0x0000000081400000, 0x0000000086e80000, 0x00000000d5c00000)
  object space 92672K, 24% used [0x0000000081400000,0x0000000082a18ea0,0x0000000086e80000)
 Metaspace       used 49771K, capacity 52018K, committed 52224K, reserved 1093632K
  class space    used 6909K, capacity 7340K, committed 7424K, reserved 1048576K
}

