# JRE version: Java(TM) SE Runtime Environment (8.0_181-b13) (build 1.8.0_181-b13)
# Java VM: Java HotSpot(TM) 64-Bit Server VM (25.181-b13 mixed mode windows-amd64 compressed oops)
Heap:
 PSYoungGen      total 212992K, used 66235K [0x00000000d5c00000, 0x00000000e6980000, 0x0000000100000000)
  eden space 193024K, 32% used [0x00000000d5c00000,0x00000000d99c8118,0x00000000e1880000)
  from space 19968K, 14% used [0x00000000e1880000,0x00000000e1b66e20,0x00000000e2c00000)
  to   space 19968K, 0% used [0x00000000e5600000,0x00000000e5600000,0x00000000e6980000)
 ParOldGen       total 129536K, used 30589K [0x0000000081400000, 0x0000000089280000, 0x00000000d5c00000)
  object space 129536K, 23% used [0x0000000081400000,0x00000000831df488,0x0000000089280000)
 Metaspace       used 57359K, capacity 60330K, committed 60544K, reserved 1101824K
  class space    used 7986K, capacity 8564K, committed 8576K, reserved 1048576K
GC Heap History (10 events):
Event: 6.080 GC heap before
{Heap before GC invocations=10 (full 2):
 PSYoungGen      total 170496K, used 12901K [0x00000000d5c00000, 0x00000000e1880000, 0x0000000100000000)
  eden space 156672K, 0% used [0x00000000d5c00000,0x00000000d5c00000,0x00000000df500000)
  from space 13824K, 93% used [0x00000000e0400000,0x00000000e10997b0,0x00000000e1180000)
  to   space 15360K, 0% used [0x00000000df500000,0x00000000df500000,0x00000000e0400000)
 ParOldGen       total 57344K, used 11794K [0x0000000081400000, 0x0000000084c00000, 0x00000000d5c00000)
  object space 57344K, 20% used [0x0000000081400000,0x0000000081f848f0,0x0000000084c00000)
 Metaspace       used 33854K, capacity 35424K, committed 35496K, reserved 1079296K
  class space    used 4496K, capacity 4812K, committed 4864K, reserved 1048576K
Event: 6.183 GC heap after
Heap after GC invocations=10 (full 2):
 PSYoungGen      total 170496K, used 0K [0x00000000d5c00000, 0x00000000e1880000, 0x0000000100000000)
  eden space 156672K, 0% used [0x00000000d5c00000,0x00000000d5c00000,0x00000000df500000)
  from space 13824K, 0% used [0x00000000e0400000,0x00000000e0400000,0x00000000e1180000)
  to   space 15360K, 0% used [0x00000000df500000,0x00000000df500000,0x00000000e0400000)
 ParOldGen       total 93696K, used 18602K [0x0000000081400000, 0x0000000086f80000, 0x00000000d5c00000)
  object space 93696K, 19% used [0x0000000081400000,0x000000008262aa90,0x0000000086f80000)
 Metaspace       used 33854K, capacity 35424K, committed 35496K, reserved 1079296K
  class space    used 4496K, capacity 4812K, committed 4864K, reserved 1048576K
}
Event: 10.961 GC heap before
{Heap before GC invocations=11 (full 2):
 PSYoungGen      total 170496K, used 156672K [0x00000000d5c00000, 0x00000000e1880000, 0x0000000100000000)
  eden space 156672K, 100% used [0x00000000d5c00000,0x00000000df500000,0x00000000df500000)
  from space 13824K, 0% used [0x00000000e0400000,0x00000000e0400000,0x00000000e1180000)
  to   space 15360K, 0% used [0x00000000df500000,0x00000000df500000,0x00000000e0400000)
 ParOldGen       total 93696K, used 18602K [0x0000000081400000, 0x0000000086f80000, 0x00000000d5c00000)
  object space 93696K, 19% used [0x0000000081400000,0x000000008262aa90,0x0000000086f80000)
 Metaspace       used 47807K, capacity 49628K, committed 49792K, reserved 1091584K
  class space    used 6624K, capacity 6980K, committed 7040K, reserved 1048576K
Event: 10.997 GC heap after
Heap after GC invocations=11 (full 2):
 PSYoungGen      total 172032K, used 15359K [0x00000000d5c00000, 0x00000000e4200000, 0x0000000100000000)
  eden space 156672K, 0% used [0x00000000d5c00000,0x00000000d5c00000,0x00000000df500000)
  from space 15360K, 99% used [0x00000000df500000,0x00000000e03ffff0,0x00000000e0400000)
  to   space 18432K, 0% used [0x00000000e3000000,0x00000000e3000000,0x00000000e4200000)
 ParOldGen       total 93696K, used 20731K [0x0000000081400000, 0x0000000086f80000, 0x00000000d5c00000)
  object space 93696K, 22% used [0x0000000081400000,0x000000008283eee8,0x0000000086f80000)
 Metaspace       used 47807K, capacity 49628K, committed 49792K, reserved 1091584K
  class space    used 6624K, capacity 6980K, committed 7040K, reserved 1048576K
}
Event: 40.406 GC heap before
{Heap before GC invocations=12 (full 2):
 PSYoungGen      total 172032K, used 147168K [0x00000000d5c00000, 0x00000000e4200000, 0x0000000100000000)
  eden space 156672K, 84% used [0x00000000d5c00000,0x00000000ddcb8180,0x00000000df500000)
  from space 15360K, 99% used [0x00000000df500000,0x00000000e03ffff0,0x00000000e0400000)
  to   space 18432K, 0% used [0x00000000e3000000,0x00000000e3000000,0x00000000e4200000)
 ParOldGen       total 93696K, used 20731K [0x0000000081400000, 0x0000000086f80000, 0x00000000d5c00000)
  object space 93696K, 22% used [0x0000000081400000,0x000000008283eee8,0x0000000086f80000)
 Metaspace       used 56129K, capacity 59024K, committed 59136K, reserved 1099776K
  class space    used 7806K, capacity 8351K, committed 8448K, reserved 1048576K
Event: 40.430 GC heap after
Heap after GC invocations=12 (full 2):
 PSYoungGen      total 208384K, used 15753K [0x00000000d5c00000, 0x00000000e3f80000, 0x0000000100000000)
  eden space 192512K, 0% used [0x00000000d5c00000,0x00000000d5c00000,0x00000000e1800000)
  from space 15872K, 99% used [0x00000000e3000000,0x00000000e3f624c0,0x00000000e3f80000)
  to   space 19968K, 0% used [0x00000000e1880000,0x00000000e1880000,0x00000000e2c00000)
 ParOldGen       total 93696K, used 20739K [0x0000000081400000, 0x0000000086f80000, 0x00000000d5c00000)
  object space 93696K, 22% used [0x0000000081400000,0x0000000082840ee8,0x0000000086f80000)
 Metaspace       used 56129K, capacity 59024K, committed 59136K, reserved 1099776K
  class space    used 7806K, capacity 8351K, committed 8448K, reserved 1048576K
}
Event: 40.430 GC heap before
{Heap before GC invocations=13 (full 3):
 PSYoungGen      total 208384K, used 15753K [0x00000000d5c00000, 0x00000000e3f80000, 0x0000000100000000)
  eden space 192512K, 0% used [0x00000000d5c00000,0x00000000d5c00000,0x00000000e1800000)
  from space 15872K, 99% used [0x00000000e3000000,0x00000000e3f624c0,0x00000000e3f80000)
  to   space 19968K, 0% used [0x00000000e1880000,0x00000000e1880000,0x00000000e2c00000)
 ParOldGen       total 93696K, used 20739K [0x0000000081400000, 0x0000000086f80000, 0x00000000d5c00000)
  object space 93696K, 22% used [0x0000000081400000,0x0000000082840ee8,0x0000000086f80000)
 Metaspace       used 56129K, capacity 59024K, committed 59136K, reserved 1099776K
  class space    used 7806K, capacity 8351K, committed 8448K, reserved 1048576K
Event: 40.683 GC heap after
Heap after GC invocations=13 (full 3):
 PSYoungGen      total 208384K, used 0K [0x00000000d5c00000, 0x00000000e3f80000, 0x0000000100000000)
  eden space 192512K, 0% used [0x00000000d5c00000,0x00000000d5c00000,0x00000000e1800000)
  from space 15872K, 0% used [0x00000000e3000000,0x00000000e3000000,0x00000000e3f80000)
  to   space 19968K, 0% used [0x00000000e1880000,0x00000000e1880000,0x00000000e2c00000)
 ParOldGen       total 129536K, used 30581K [0x0000000081400000, 0x0000000089280000, 0x00000000d5c00000)
  object space 129536K, 23% used [0x0000000081400000,0x00000000831dd488,0x0000000089280000)
 Metaspace       used 56129K, capacity 59024K, committed 59136K, reserved 1099776K
  class space    used 7806K, capacity 8351K, committed 8448K, reserved 1048576K
}
Event: 84.752 GC heap before
{Heap before GC invocations=14 (full 3):
 PSYoungGen      total 208384K, used 192512K [0x00000000d5c00000, 0x00000000e3f80000, 0x0000000100000000)
  eden space 192512K, 100% used [0x00000000d5c00000,0x00000000e1800000,0x00000000e1800000)
  from space 15872K, 0% used [0x00000000e3000000,0x00000000e3000000,0x00000000e3f80000)
  to   space 19968K, 0% used [0x00000000e1880000,0x00000000e1880000,0x00000000e2c00000)
 ParOldGen       total 129536K, used 30581K [0x0000000081400000, 0x0000000089280000, 0x00000000d5c00000)
  object space 129536K, 23% used [0x0000000081400000,0x00000000831dd488,0x0000000089280000)
 Metaspace       used 57346K, capacity 60298K, committed 60544K, reserved 1101824K
  class space    used 7984K, capacity 8532K, committed 8576K, reserved 1048576K
Event: 84.759 GC heap after
Heap after GC invocations=14 (full 3):
 PSYoungGen      total 212992K, used 2971K [0x00000000d5c00000, 0x00000000e6980000, 0x0000000100000000)
  eden space 193024K, 0% used [0x00000000d5c00000,0x00000000d5c00000,0x00000000e1880000)
  from space 19968K, 14% used [0x00000000e1880000,0x00000000e1b66e20,0x00000000e2c00000)
  to   space 19968K, 0% used [0x00000000e5600000,0x00000000e5600000,0x00000000e6980000)
 ParOldGen       total 129536K, used 30589K [0x0000000081400000, 0x0000000089280000, 0x00000000d5c00000)
  object space 129536K, 23% used [0x0000000081400000,0x00000000831df488,0x0000000089280000)
 Metaspace       used 57346K, capacity 60298K, committed 60544K, reserved 1101824K
  class space    used 7984K, capacity 8532K, committed 8576K, reserved 1048576K
}

